<?xml version="1.0" encoding="UTF-8"?>
<testng-results skipped="0" failed="0" total="1" passed="1">
  <reporter-output>
  </reporter-output>
  <suite name="Default suite" duration-ms="17255" started-at="2020-08-26T19:52:47Z" finished-at="2020-08-26T19:53:04Z">
    <groups>
    </groups>
    <test name="Default test" duration-ms="17255" started-at="2020-08-26T19:52:47Z" finished-at="2020-08-26T19:53:04Z">
      <class name="TestMain.Mainclass">
        <test-method status="PASS" signature="launchBrowser()[pri:0, instance:TestMain.Mainclass@282ba1e]" name="launchBrowser" is-config="true" duration-ms="11416" started-at="2020-08-27T01:22:47Z" finished-at="2020-08-27T01:22:59Z">
          <reporter-output>
          </reporter-output>
        </test-method> <!-- launchBrowser -->
        <test-method status="PASS" signature="bookticket()[pri:0, instance:TestMain.Mainclass@282ba1e]" name="bookticket" duration-ms="4584" started-at="2020-08-27T01:22:59Z" finished-at="2020-08-27T01:23:03Z">
          <reporter-output>
          </reporter-output>
        </test-method> <!-- bookticket -->
        <test-method status="PASS" signature="logOut()[pri:0, instance:TestMain.Mainclass@282ba1e]" name="logOut" is-config="true" duration-ms="1229" started-at="2020-08-27T01:23:03Z" finished-at="2020-08-27T01:23:04Z">
          <reporter-output>
          </reporter-output>
        </test-method> <!-- logOut -->
      </class> <!-- TestMain.Mainclass -->
    </test> <!-- Default test -->
  </suite> <!-- Default suite -->
</testng-results>
